2022-06-06 15:38:00.001  WARN 27450 --- [main] o.s.boot.StartupInfoLogger               - [] : InetAddress.getLocalHost().getHostName() took 5003 milliseconds to respond. Please verify your network configuration (macOS machines may need to add entries to /etc/hosts).
2022-06-06 15:38:05.012  INFO 27450 --- [main] c.zj.auction.payment.PaymentApplication  - [] : Starting PaymentApplication using Java 1.8.0_171 on lance.local with PID 27450 (/Users/zhangzhaohuan/blockchain/idea/auction/payment/target/classes started by zhangzhaohuan in /Users/zhangzhaohuan/blockchain/idea/auction)
2022-06-06 15:38:05.013  INFO 27450 --- [main] c.zj.auction.payment.PaymentApplication  - [] : No active profile set, falling back to default profiles: default
2022-06-06 15:38:06.049  WARN 27450 --- [main] o.m.s.mapper.ClassPathMapperScanner      - [] : No MyBatis mapper was found in '[com.zj.auction.payment]' package. Please check your configuration.
2022-06-06 15:38:06.826  INFO 27450 --- [main] o.s.b.w.embedded.tomcat.TomcatWebServer  - [] : Tomcat initialized with port(s): 8090 (http)
2022-06-06 15:38:06.842  INFO 27450 --- [main] o.a.coyote.http11.Http11NioProtocol      - [] : Initializing ProtocolHandler ["http-nio-8090"]
2022-06-06 15:38:06.843  INFO 27450 --- [main] o.apache.catalina.core.StandardService   - [] : Starting service [Tomcat]
2022-06-06 15:38:06.843  INFO 27450 --- [main] org.apache.catalina.core.StandardEngine  - [] : Starting Servlet engine: [Apache Tomcat/9.0.56]
2022-06-06 15:38:07.007  INFO 27450 --- [main] o.a.c.c.C.[Tomcat].[localhost].[/]       - [] : Initializing Spring embedded WebApplicationContext
2022-06-06 15:38:07.008  INFO 27450 --- [main] w.s.c.ServletWebServerApplicationContext - [] : Root WebApplicationContext: initialization completed in 1922 ms
2022-06-06 15:38:07.108  INFO 27450 --- [main] c.a.d.s.b.a.DruidDataSourceAutoConfigure - [] : Init DruidDataSource
2022-06-06 15:38:07.259  INFO 27450 --- [main] com.alibaba.druid.pool.DruidDataSource   - [] : {dataSource-1} inited
2022-06-06 15:38:28.162  INFO 27450 --- [main] o.a.coyote.http11.Http11NioProtocol      - [] : Starting ProtocolHandler ["http-nio-8090"]
2022-06-06 15:38:28.214  INFO 27450 --- [main] o.s.b.w.embedded.tomcat.TomcatWebServer  - [] : Tomcat started on port(s): 8090 (http) with context path ''
2022-06-06 15:38:28.238  INFO 27450 --- [main] c.zj.auction.payment.PaymentApplication  - [] : Started PaymentApplication in 44.017 seconds (JVM running for 50.025)
2022-06-06 15:39:15.877  INFO 27450 --- [pool-2-thread-1] c.zj.auction.payment.boot.WisdomRunner   - [] : 初始化系统参数成功
2022-06-06 15:41:35.777  INFO 27450 --- [SpringApplicationShutdownHook] com.alibaba.druid.pool.DruidDataSource   - [] : {dataSource-1} closing ...
2022-06-06 15:41:35.786  INFO 27450 --- [SpringApplicationShutdownHook] com.alibaba.druid.pool.DruidDataSource   - [] : {dataSource-1} closed
2022-06-06 15:42:39.056  WARN 27512 --- [main] o.s.boot.StartupInfoLogger               - [] : InetAddress.getLocalHost().getHostName() took 5001 milliseconds to respond. Please verify your network configuration (macOS machines may need to add entries to /etc/hosts).
2022-06-06 15:42:44.066  INFO 27512 --- [main] c.zj.auction.payment.PaymentApplication  - [] : Starting PaymentApplication using Java 1.8.0_171 on lance.local with PID 27512 (/Users/zhangzhaohuan/blockchain/idea/auction/payment/target/classes started by zhangzhaohuan in /Users/zhangzhaohuan/blockchain/idea/auction)
2022-06-06 15:42:44.067  INFO 27512 --- [main] c.zj.auction.payment.PaymentApplication  - [] : No active profile set, falling back to default profiles: default
2022-06-06 15:42:44.756  WARN 27512 --- [main] o.m.s.mapper.ClassPathMapperScanner      - [] : No MyBatis mapper was found in '[com.zj.auction.payment]' package. Please check your configuration.
2022-06-06 15:42:45.189  INFO 27512 --- [main] o.s.b.w.embedded.tomcat.TomcatWebServer  - [] : Tomcat initialized with port(s): 8090 (http)
2022-06-06 15:42:45.198  INFO 27512 --- [main] o.a.coyote.http11.Http11NioProtocol      - [] : Initializing ProtocolHandler ["http-nio-8090"]
2022-06-06 15:42:45.200  INFO 27512 --- [main] o.apache.catalina.core.StandardService   - [] : Starting service [Tomcat]
2022-06-06 15:42:45.200  INFO 27512 --- [main] org.apache.catalina.core.StandardEngine  - [] : Starting Servlet engine: [Apache Tomcat/9.0.56]
2022-06-06 15:42:45.343  INFO 27512 --- [main] o.a.c.c.C.[Tomcat].[localhost].[/]       - [] : Initializing Spring embedded WebApplicationContext
2022-06-06 15:42:45.344  INFO 27512 --- [main] w.s.c.ServletWebServerApplicationContext - [] : Root WebApplicationContext: initialization completed in 1233 ms
2022-06-06 15:42:45.421  INFO 27512 --- [main] c.a.d.s.b.a.DruidDataSourceAutoConfigure - [] : Init DruidDataSource
2022-06-06 15:42:45.521  INFO 27512 --- [main] com.alibaba.druid.pool.DruidDataSource   - [] : {dataSource-1} inited
2022-06-06 15:43:26.918  WARN 27530 --- [main] o.s.boot.StartupInfoLogger               - [] : InetAddress.getLocalHost().getHostName() took 5003 milliseconds to respond. Please verify your network configuration (macOS machines may need to add entries to /etc/hosts).
2022-06-06 15:43:31.925  INFO 27530 --- [main] c.zj.auction.payment.PaymentApplication  - [] : Starting PaymentApplication using Java 1.8.0_171 on lance.local with PID 27530 (/Users/zhangzhaohuan/blockchain/idea/auction/payment/target/classes started by zhangzhaohuan in /Users/zhangzhaohuan/blockchain/idea/auction)
2022-06-06 15:43:31.926  INFO 27530 --- [main] c.zj.auction.payment.PaymentApplication  - [] : No active profile set, falling back to default profiles: default
2022-06-06 15:43:32.590  WARN 27530 --- [main] o.m.s.mapper.ClassPathMapperScanner      - [] : No MyBatis mapper was found in '[com.zj.auction.payment]' package. Please check your configuration.
2022-06-06 15:43:33.022  INFO 27530 --- [main] o.s.b.w.embedded.tomcat.TomcatWebServer  - [] : Tomcat initialized with port(s): 8090 (http)
2022-06-06 15:43:33.031  INFO 27530 --- [main] o.a.coyote.http11.Http11NioProtocol      - [] : Initializing ProtocolHandler ["http-nio-8090"]
2022-06-06 15:43:33.032  INFO 27530 --- [main] o.apache.catalina.core.StandardService   - [] : Starting service [Tomcat]
2022-06-06 15:43:33.032  INFO 27530 --- [main] org.apache.catalina.core.StandardEngine  - [] : Starting Servlet engine: [Apache Tomcat/9.0.56]
2022-06-06 15:43:33.115  INFO 27530 --- [main] o.a.c.c.C.[Tomcat].[localhost].[/]       - [] : Initializing Spring embedded WebApplicationContext
2022-06-06 15:43:33.115  INFO 27530 --- [main] w.s.c.ServletWebServerApplicationContext - [] : Root WebApplicationContext: initialization completed in 1146 ms
2022-06-06 15:43:33.172  INFO 27530 --- [main] c.a.d.s.b.a.DruidDataSourceAutoConfigure - [] : Init DruidDataSource
2022-06-06 15:43:33.267  INFO 27530 --- [main] com.alibaba.druid.pool.DruidDataSource   - [] : {dataSource-1} inited
2022-06-06 15:43:53.881  INFO 27530 --- [main] o.s.b.w.embedded.tomcat.TomcatWebServer  - [] : Tomcat started on port(s): 8090 (http) with context path ''
2022-06-06 15:43:53.899  INFO 27530 --- [main] c.zj.auction.payment.PaymentApplication  - [] : Started PaymentApplication in 42.604 seconds (JVM running for 48.309)
2022-06-06 15:43:53.930  INFO 27530 --- [SpringApplicationShutdownHook] com.alibaba.druid.pool.DruidDataSource   - [] : {dataSource-1} closing ...
2022-06-06 15:43:53.935  INFO 27530 --- [SpringApplicationShutdownHook] com.alibaba.druid.pool.DruidDataSource   - [] : {dataSource-1} closed
2022-06-06 15:44:24.688  WARN 27541 --- [main] o.s.boot.StartupInfoLogger               - [] : InetAddress.getLocalHost().getHostName() took 5003 milliseconds to respond. Please verify your network configuration (macOS machines may need to add entries to /etc/hosts).
2022-06-06 15:44:29.697  INFO 27541 --- [main] c.zj.auction.payment.PaymentApplication  - [] : Starting PaymentApplication using Java 1.8.0_171 on lance.local with PID 27541 (/Users/zhangzhaohuan/blockchain/idea/auction/payment/target/classes started by zhangzhaohuan in /Users/zhangzhaohuan/blockchain/idea/auction)
2022-06-06 15:44:29.697  INFO 27541 --- [main] c.zj.auction.payment.PaymentApplication  - [] : No active profile set, falling back to default profiles: default
2022-06-06 15:44:30.650  WARN 27541 --- [main] o.m.s.mapper.ClassPathMapperScanner      - [] : No MyBatis mapper was found in '[com.zj.auction.payment]' package. Please check your configuration.
2022-06-06 15:44:31.298  INFO 27541 --- [main] o.s.b.w.embedded.tomcat.TomcatWebServer  - [] : Tomcat initialized with port(s): 8090 (http)
2022-06-06 15:44:31.310  INFO 27541 --- [main] o.a.coyote.http11.Http11NioProtocol      - [] : Initializing ProtocolHandler ["http-nio-8090"]
2022-06-06 15:44:31.311  INFO 27541 --- [main] o.apache.catalina.core.StandardService   - [] : Starting service [Tomcat]
2022-06-06 15:44:31.311  INFO 27541 --- [main] org.apache.catalina.core.StandardEngine  - [] : Starting Servlet engine: [Apache Tomcat/9.0.56]
2022-06-06 15:44:31.435  INFO 27541 --- [main] o.a.c.c.C.[Tomcat].[localhost].[/]       - [] : Initializing Spring embedded WebApplicationContext
2022-06-06 15:44:31.435  INFO 27541 --- [main] w.s.c.ServletWebServerApplicationContext - [] : Root WebApplicationContext: initialization completed in 1668 ms
2022-06-06 15:44:31.557  INFO 27541 --- [main] c.a.d.s.b.a.DruidDataSourceAutoConfigure - [] : Init DruidDataSource
2022-06-06 15:44:31.741  INFO 27541 --- [main] com.alibaba.druid.pool.DruidDataSource   - [] : {dataSource-1} inited
2022-06-06 15:44:52.863  INFO 27541 --- [main] o.a.coyote.http11.Http11NioProtocol      - [] : Starting ProtocolHandler ["http-nio-8090"]
2022-06-06 15:44:52.895  INFO 27541 --- [main] o.s.b.w.embedded.tomcat.TomcatWebServer  - [] : Tomcat started on port(s): 8090 (http) with context path ''
2022-06-06 15:44:52.916  INFO 27541 --- [main] c.zj.auction.payment.PaymentApplication  - [] : Started PaymentApplication in 43.957 seconds (JVM running for 49.722)
2022-06-06 15:45:13.588  INFO 27541 --- [pool-2-thread-1] c.zj.auction.payment.boot.WisdomRunner   - [] : 初始化系统参数成功
