2022-06-07 09:29:14.160  INFO 27541 --- [SpringApplicationShutdownHook] com.alibaba.druid.pool.DruidDataSource   - [] : {dataSource-1} closing ...
2022-06-07 09:29:14.200  INFO 27541 --- [SpringApplicationShutdownHook] com.alibaba.druid.pool.DruidDataSource   - [] : {dataSource-1} closed
2022-06-07 11:23:02.187  WARN 30876 --- [main] o.s.boot.StartupInfoLogger               - [] : InetAddress.getLocalHost().getHostName() took 5002 milliseconds to respond. Please verify your network configuration (macOS machines may need to add entries to /etc/hosts).
2022-06-07 11:23:07.199  INFO 30876 --- [main] c.zj.auction.payment.PaymentApplication  - [] : Starting PaymentApplication using Java 1.8.0_171 on lance.local with PID 30876 (/Users/zhangzhaohuan/blockchain/idea/auction/payment/target/classes started by zhangzhaohuan in /Users/zhangzhaohuan/blockchain/idea/auction)
2022-06-07 11:23:07.200  INFO 30876 --- [main] c.zj.auction.payment.PaymentApplication  - [] : No active profile set, falling back to default profiles: default
2022-06-07 11:23:08.259  WARN 30876 --- [main] o.m.s.mapper.ClassPathMapperScanner      - [] : No MyBatis mapper was found in '[com.zj.auction.payment]' package. Please check your configuration.
2022-06-07 11:23:08.960  INFO 30876 --- [main] o.s.b.w.embedded.tomcat.TomcatWebServer  - [] : Tomcat initialized with port(s): 8090 (http)
2022-06-07 11:23:08.978  INFO 30876 --- [main] o.a.coyote.http11.Http11NioProtocol      - [] : Initializing ProtocolHandler ["http-nio-8090"]
2022-06-07 11:23:08.978  INFO 30876 --- [main] o.apache.catalina.core.StandardService   - [] : Starting service [Tomcat]
2022-06-07 11:23:08.979  INFO 30876 --- [main] org.apache.catalina.core.StandardEngine  - [] : Starting Servlet engine: [Apache Tomcat/9.0.56]
2022-06-07 11:23:09.110  INFO 30876 --- [main] o.a.c.c.C.[Tomcat].[localhost].[/]       - [] : Initializing Spring embedded WebApplicationContext
2022-06-07 11:23:09.110  INFO 30876 --- [main] w.s.c.ServletWebServerApplicationContext - [] : Root WebApplicationContext: initialization completed in 1843 ms
2022-06-07 11:23:09.204  INFO 30876 --- [main] c.a.d.s.b.a.DruidDataSourceAutoConfigure - [] : Init DruidDataSource
2022-06-07 11:23:09.385  INFO 30876 --- [main] com.alibaba.druid.pool.DruidDataSource   - [] : {dataSource-1} inited
2022-06-07 11:23:09.563  WARN 30876 --- [main] ConfigServletWebServerApplicationContext - [] : Exception encountered during context initialization - cancelling refresh attempt: org.springframework.beans.factory.BeanCreationException: Error creating bean with name 'alipayClient' defined in class path resource [com/zj/auction/payment/config/AlipayClientConfig.class]: Bean instantiation via factory method failed; nested exception is org.springframework.beans.BeanInstantiationException: Failed to instantiate [com.alipay.api.AlipayClient]: Factory method 'alipayClient' threw exception; nested exception is com.alipay.api.AlipayApiException: java.io.FileNotFoundException: File '/home/zj/alipay/alipayRootCert.crt' does not exist
2022-06-07 11:23:09.564  INFO 30876 --- [main] com.alibaba.druid.pool.DruidDataSource   - [] : {dataSource-1} closing ...
2022-06-07 11:23:09.565  INFO 30876 --- [main] com.alibaba.druid.pool.DruidDataSource   - [] : {dataSource-1} closed
2022-06-07 11:23:09.569  INFO 30876 --- [main] o.apache.catalina.core.StandardService   - [] : Stopping service [Tomcat]
2022-06-07 11:23:09.581  INFO 30876 --- [main] ConditionEvaluationReportLoggingListener - [] : 

Error starting ApplicationContext. To display the conditions report re-run your application with 'debug' enabled.
2022-06-07 11:23:09.629 ERROR 30876 --- [main] o.s.boot.SpringApplication               - [] : Application run failed

org.springframework.beans.factory.BeanCreationException: Error creating bean with name 'alipayClient' defined in class path resource [com/zj/auction/payment/config/AlipayClientConfig.class]: Bean instantiation via factory method failed; nested exception is org.springframework.beans.BeanInstantiationException: Failed to instantiate [com.alipay.api.AlipayClient]: Factory method 'alipayClient' threw exception; nested exception is com.alipay.api.AlipayApiException: java.io.FileNotFoundException: File '/home/zj/alipay/alipayRootCert.crt' does not exist
	at org.springframework.beans.factory.support.ConstructorResolver.instantiate(ConstructorResolver.java:658)
	at org.springframework.beans.factory.support.ConstructorResolver.instantiateUsingFactoryMethod(ConstructorResolver.java:486)
	at org.springframework.beans.factory.support.AbstractAutowireCapableBeanFactory.instantiateUsingFactoryMethod(AbstractAutowireCapableBeanFactory.java:1352)
	at org.springframework.beans.factory.support.AbstractAutowireCapableBeanFactory.createBeanInstance(AbstractAutowireCapableBeanFactory.java:1195)
	at org.springframework.beans.factory.support.AbstractAutowireCapableBeanFactory.doCreateBean(AbstractAutowireCapableBeanFactory.java:582)
	at org.springframework.beans.factory.support.AbstractAutowireCapableBeanFactory.createBean(AbstractAutowireCapableBeanFactory.java:542)
	at org.springframework.beans.factory.support.AbstractBeanFactory.lambda$doGetBean$0(AbstractBeanFactory.java:335)
	at org.springframework.beans.factory.support.DefaultSingletonBeanRegistry.getSingleton(DefaultSingletonBeanRegistry.java:234)
	at org.springframework.beans.factory.support.AbstractBeanFactory.doGetBean(AbstractBeanFactory.java:333)
	at org.springframework.beans.factory.support.AbstractBeanFactory.getBean(AbstractBeanFactory.java:208)
	at org.springframework.beans.factory.support.DefaultListableBeanFactory.preInstantiateSingletons(DefaultListableBeanFactory.java:953)
	at org.springframework.context.support.AbstractApplicationContext.finishBeanFactoryInitialization(AbstractApplicationContext.java:918)
	at org.springframework.context.support.AbstractApplicationContext.refresh(AbstractApplicationContext.java:583)
	at org.springframework.boot.web.servlet.context.ServletWebServerApplicationContext.refresh(ServletWebServerApplicationContext.java:145)
	at org.springframework.boot.SpringApplication.refresh(SpringApplication.java:732)
	at org.springframework.boot.SpringApplication.refreshContext(SpringApplication.java:414)
	at org.springframework.boot.SpringApplication.run(SpringApplication.java:302)
	at org.springframework.boot.SpringApplication.run(SpringApplication.java:1303)
	at org.springframework.boot.SpringApplication.run(SpringApplication.java:1292)
	at com.zj.auction.payment.PaymentApplication.main(PaymentApplication.java:12)
Caused by: org.springframework.beans.BeanInstantiationException: Failed to instantiate [com.alipay.api.AlipayClient]: Factory method 'alipayClient' threw exception; nested exception is com.alipay.api.AlipayApiException: java.io.FileNotFoundException: File '/home/zj/alipay/alipayRootCert.crt' does not exist
	at org.springframework.beans.factory.support.SimpleInstantiationStrategy.instantiate(SimpleInstantiationStrategy.java:185)
	at org.springframework.beans.factory.support.ConstructorResolver.instantiate(ConstructorResolver.java:653)
	... 19 common frames omitted
Caused by: com.alipay.api.AlipayApiException: java.io.FileNotFoundException: File '/home/zj/alipay/alipayRootCert.crt' does not exist
	at com.alipay.api.AbstractAlipayClient.readFileToString(AbstractAlipayClient.java:183)
	at com.alipay.api.AbstractAlipayClient.<init>(AbstractAlipayClient.java:132)
	at com.alipay.api.DefaultAlipayClient.<init>(DefaultAlipayClient.java:33)
	at com.zj.auction.payment.config.AlipayClientConfig.alipayClient(AlipayClientConfig.java:44)
	at com.zj.auction.payment.config.AlipayClientConfig$$EnhancerBySpringCGLIB$$24aca093.CGLIB$alipayClient$0(<generated>)
	at com.zj.auction.payment.config.AlipayClientConfig$$EnhancerBySpringCGLIB$$24aca093$$FastClassBySpringCGLIB$$d679c767.invoke(<generated>)
	at org.springframework.cglib.proxy.MethodProxy.invokeSuper(MethodProxy.java:244)
	at org.springframework.context.annotation.ConfigurationClassEnhancer$BeanMethodInterceptor.intercept(ConfigurationClassEnhancer.java:331)
	at com.zj.auction.payment.config.AlipayClientConfig$$EnhancerBySpringCGLIB$$24aca093.alipayClient(<generated>)
	at sun.reflect.NativeMethodAccessorImpl.invoke0(Native Method)
	at sun.reflect.NativeMethodAccessorImpl.invoke(NativeMethodAccessorImpl.java:62)
	at sun.reflect.DelegatingMethodAccessorImpl.invoke(DelegatingMethodAccessorImpl.java:43)
	at java.lang.reflect.Method.invoke(Method.java:498)
	at org.springframework.beans.factory.support.SimpleInstantiationStrategy.instantiate(SimpleInstantiationStrategy.java:154)
	... 20 common frames omitted
Caused by: java.io.FileNotFoundException: File '/home/zj/alipay/alipayRootCert.crt' does not exist
	at com.alipay.api.internal.util.file.FileUtils.openInputStream(FileUtils.java:66)
	at com.alipay.api.internal.util.file.FileUtils.readFileToString(FileUtils.java:34)
	at com.alipay.api.internal.util.file.FileUtils.readFileToString(FileUtils.java:19)
	at com.alipay.api.AbstractAlipayClient.readFileToString(AbstractAlipayClient.java:181)
	... 33 common frames omitted

2022-06-07 11:25:15.995  WARN 30913 --- [main] o.s.boot.StartupInfoLogger               - [] : InetAddress.getLocalHost().getHostName() took 5001 milliseconds to respond. Please verify your network configuration (macOS machines may need to add entries to /etc/hosts).
2022-06-07 11:25:21.007  INFO 30913 --- [main] c.zj.auction.payment.PaymentApplication  - [] : Starting PaymentApplication using Java 1.8.0_171 on lance.local with PID 30913 (/Users/zhangzhaohuan/blockchain/idea/auction/payment/target/classes started by zhangzhaohuan in /Users/zhangzhaohuan/blockchain/idea/auction)
2022-06-07 11:25:21.008  INFO 30913 --- [main] c.zj.auction.payment.PaymentApplication  - [] : No active profile set, falling back to default profiles: default
2022-06-07 11:25:22.010  WARN 30913 --- [main] o.m.s.mapper.ClassPathMapperScanner      - [] : No MyBatis mapper was found in '[com.zj.auction.payment]' package. Please check your configuration.
2022-06-07 11:25:22.551  INFO 30913 --- [main] o.s.b.w.embedded.tomcat.TomcatWebServer  - [] : Tomcat initialized with port(s): 8090 (http)
2022-06-07 11:25:22.559  INFO 30913 --- [main] o.a.coyote.http11.Http11NioProtocol      - [] : Initializing ProtocolHandler ["http-nio-8090"]
2022-06-07 11:25:22.560  INFO 30913 --- [main] o.apache.catalina.core.StandardService   - [] : Starting service [Tomcat]
2022-06-07 11:25:22.560  INFO 30913 --- [main] org.apache.catalina.core.StandardEngine  - [] : Starting Servlet engine: [Apache Tomcat/9.0.56]
2022-06-07 11:25:22.698  INFO 30913 --- [main] o.a.c.c.C.[Tomcat].[localhost].[/]       - [] : Initializing Spring embedded WebApplicationContext
2022-06-07 11:25:22.698  INFO 30913 --- [main] w.s.c.ServletWebServerApplicationContext - [] : Root WebApplicationContext: initialization completed in 1630 ms
2022-06-07 11:25:22.775  INFO 30913 --- [main] c.a.d.s.b.a.DruidDataSourceAutoConfigure - [] : Init DruidDataSource
2022-06-07 11:25:23.037  INFO 30913 --- [main] com.alibaba.druid.pool.DruidDataSource   - [] : {dataSource-1} inited
2022-06-07 11:25:23.857  WARN 30913 --- [main] c.b.m.core.injector.DefaultSqlInjector   - [] : class com.zj.auction.common.model.Area ,Not found @TableId annotation, Cannot use Mybatis-Plus 'xxById' Method.
2022-06-07 11:25:24.032  WARN 30913 --- [main] c.b.m.core.injector.DefaultSqlInjector   - [] : class com.zj.auction.common.model.Role ,Not found @TableId annotation, Cannot use Mybatis-Plus 'xxById' Method.
2022-06-07 11:25:24.079  WARN 30913 --- [main] c.b.m.core.injector.DefaultSqlInjector   - [] : class com.zj.auction.common.model.UserConfig ,Not found @TableId annotation, Cannot use Mybatis-Plus 'xxById' Method.
2022-06-07 11:25:24.118  WARN 30913 --- [main] c.b.m.core.injector.DefaultSqlInjector   - [] : class com.zj.auction.common.model.User ,Not found @TableId annotation, Cannot use Mybatis-Plus 'xxById' Method.
2022-06-07 11:25:24.152  WARN 30913 --- [main] c.b.m.core.injector.DefaultSqlInjector   - [] : class com.zj.auction.common.model.UserRole ,Not found @TableId annotation, Cannot use Mybatis-Plus 'xxById' Method.
2022-06-07 11:25:44.324  INFO 30913 --- [main] o.a.coyote.http11.Http11NioProtocol      - [] : Starting ProtocolHandler ["http-nio-8090"]
2022-06-07 11:25:44.358  INFO 30913 --- [main] o.s.b.w.embedded.tomcat.TomcatWebServer  - [] : Tomcat started on port(s): 8090 (http) with context path ''
2022-06-07 11:25:44.374  INFO 30913 --- [main] c.zj.auction.payment.PaymentApplication  - [] : Started PaymentApplication in 44.147 seconds (JVM running for 49.96)
2022-06-07 11:25:45.551  INFO 30913 --- [pool-2-thread-1] c.zj.auction.payment.boot.WisdomRunner   - [] : 初始化系统参数成功
2022-06-07 11:26:30.606  INFO 30913 --- [http-nio-8090-exec-1] o.a.c.c.C.[Tomcat].[localhost].[/]       - [] : Initializing Spring DispatcherServlet 'dispatcherServlet'
2022-06-07 11:26:30.607  INFO 30913 --- [http-nio-8090-exec-1] o.s.web.servlet.DispatcherServlet        - [] : Initializing Servlet 'dispatcherServlet'
2022-06-07 11:26:30.608  INFO 30913 --- [http-nio-8090-exec-1] o.s.web.servlet.DispatcherServlet        - [] : Completed initialization in 1 ms
2022-06-07 11:27:20.982  WARN 30913 --- [http-nio-8090-exec-4] .w.s.m.s.DefaultHandlerExceptionResolver - [] : Resolved [org.springframework.web.HttpRequestMethodNotSupportedException: Request method 'GET' not supported]
2022-06-07 11:35:44.083  INFO 30913 --- [SpringApplicationShutdownHook] com.alibaba.druid.pool.DruidDataSource   - [] : {dataSource-1} closing ...
2022-06-07 11:35:44.091  INFO 30913 --- [SpringApplicationShutdownHook] com.alibaba.druid.pool.DruidDataSource   - [] : {dataSource-1} closed
2022-06-07 11:36:21.207  WARN 31069 --- [main] o.s.boot.StartupInfoLogger               - [] : InetAddress.getLocalHost().getHostName() took 5003 milliseconds to respond. Please verify your network configuration (macOS machines may need to add entries to /etc/hosts).
2022-06-07 11:36:26.216  INFO 31069 --- [main] c.zj.auction.payment.PaymentApplication  - [] : Starting PaymentApplication using Java 1.8.0_171 on lance.local with PID 31069 (/Users/zhangzhaohuan/blockchain/idea/auction/payment/target/classes started by zhangzhaohuan in /Users/zhangzhaohuan/blockchain/idea/auction)
2022-06-07 11:36:26.218  INFO 31069 --- [main] c.zj.auction.payment.PaymentApplication  - [] : No active profile set, falling back to default profiles: default
2022-06-07 11:36:28.009  WARN 31069 --- [main] o.m.s.mapper.ClassPathMapperScanner      - [] : No MyBatis mapper was found in '[com.zj.auction.payment]' package. Please check your configuration.
2022-06-07 11:36:29.045  INFO 31069 --- [main] o.s.b.w.embedded.tomcat.TomcatWebServer  - [] : Tomcat initialized with port(s): 8090 (http)
2022-06-07 11:36:29.063  INFO 31069 --- [main] o.a.coyote.http11.Http11NioProtocol      - [] : Initializing ProtocolHandler ["http-nio-8090"]
2022-06-07 11:36:29.065  INFO 31069 --- [main] o.apache.catalina.core.StandardService   - [] : Starting service [Tomcat]
2022-06-07 11:36:29.065  INFO 31069 --- [main] org.apache.catalina.core.StandardEngine  - [] : Starting Servlet engine: [Apache Tomcat/9.0.56]
2022-06-07 11:36:29.339  INFO 31069 --- [main] o.a.c.c.C.[Tomcat].[localhost].[/]       - [] : Initializing Spring embedded WebApplicationContext
2022-06-07 11:36:29.340  INFO 31069 --- [main] w.s.c.ServletWebServerApplicationContext - [] : Root WebApplicationContext: initialization completed in 3000 ms
2022-06-07 11:36:29.470  INFO 31069 --- [main] c.a.d.s.b.a.DruidDataSourceAutoConfigure - [] : Init DruidDataSource
2022-06-07 11:36:29.589  INFO 31069 --- [main] com.alibaba.druid.pool.DruidDataSource   - [] : {dataSource-1} inited
2022-06-07 11:36:30.361  INFO 31069 --- [main] pertySourcedRequestMappingHandlerMapping - [] : Mapped URL path [/v2/api-docs] onto method [springfox.documentation.swagger2.web.Swagger2Controller#getDocumentation(String, HttpServletRequest)]
2022-06-07 11:36:31.248  WARN 31069 --- [main] c.b.m.core.injector.DefaultSqlInjector   - [] : class com.zj.auction.common.model.Area ,Not found @TableId annotation, Cannot use Mybatis-Plus 'xxById' Method.
2022-06-07 11:36:31.635  WARN 31069 --- [main] c.b.m.core.injector.DefaultSqlInjector   - [] : class com.zj.auction.common.model.Role ,Not found @TableId annotation, Cannot use Mybatis-Plus 'xxById' Method.
2022-06-07 11:36:31.760  WARN 31069 --- [main] c.b.m.core.injector.DefaultSqlInjector   - [] : class com.zj.auction.common.model.UserConfig ,Not found @TableId annotation, Cannot use Mybatis-Plus 'xxById' Method.
2022-06-07 11:36:31.858  WARN 31069 --- [main] c.b.m.core.injector.DefaultSqlInjector   - [] : class com.zj.auction.common.model.User ,Not found @TableId annotation, Cannot use Mybatis-Plus 'xxById' Method.
2022-06-07 11:36:31.958  WARN 31069 --- [main] c.b.m.core.injector.DefaultSqlInjector   - [] : class com.zj.auction.common.model.UserRole ,Not found @TableId annotation, Cannot use Mybatis-Plus 'xxById' Method.
2022-06-07 11:36:52.101  INFO 31069 --- [main] o.a.coyote.http11.Http11NioProtocol      - [] : Starting ProtocolHandler ["http-nio-8090"]
2022-06-07 11:36:52.125  INFO 31069 --- [main] o.s.b.w.embedded.tomcat.TomcatWebServer  - [] : Tomcat started on port(s): 8090 (http) with context path ''
2022-06-07 11:36:52.127  INFO 31069 --- [main] d.s.w.p.DocumentationPluginsBootstrapper - [] : Context refreshed
2022-06-07 11:36:52.155  INFO 31069 --- [main] d.s.w.p.DocumentationPluginsBootstrapper - [] : Found 1 custom documentation plugin(s)
2022-06-07 11:36:52.164  WARN 31069 --- [main] ConfigServletWebServerApplicationContext - [] : Exception encountered during context initialization - cancelling refresh attempt: org.springframework.context.ApplicationContextException: Failed to start bean 'documentationPluginsBootstrapper'; nested exception is java.lang.NullPointerException
2022-06-07 11:36:52.167  INFO 31069 --- [main] com.alibaba.druid.pool.DruidDataSource   - [] : {dataSource-1} closing ...
2022-06-07 11:36:52.168  INFO 31069 --- [main] com.alibaba.druid.pool.DruidDataSource   - [] : {dataSource-1} closed
2022-06-07 11:36:52.179  INFO 31069 --- [main] o.a.coyote.http11.Http11NioProtocol      - [] : Pausing ProtocolHandler ["http-nio-8090"]
2022-06-07 11:36:52.180  INFO 31069 --- [main] o.apache.catalina.core.StandardService   - [] : Stopping service [Tomcat]
2022-06-07 11:36:52.186  INFO 31069 --- [main] o.a.coyote.http11.Http11NioProtocol      - [] : Stopping ProtocolHandler ["http-nio-8090"]
2022-06-07 11:36:52.198  INFO 31069 --- [main] o.a.coyote.http11.Http11NioProtocol      - [] : Destroying ProtocolHandler ["http-nio-8090"]
2022-06-07 11:36:52.208  INFO 31069 --- [main] ConditionEvaluationReportLoggingListener - [] : 

Error starting ApplicationContext. To display the conditions report re-run your application with 'debug' enabled.
2022-06-07 11:36:52.343 ERROR 31069 --- [main] o.s.boot.SpringApplication               - [] : Application run failed

org.springframework.context.ApplicationContextException: Failed to start bean 'documentationPluginsBootstrapper'; nested exception is java.lang.NullPointerException
	at org.springframework.context.support.DefaultLifecycleProcessor.doStart(DefaultLifecycleProcessor.java:181)
	at org.springframework.context.support.DefaultLifecycleProcessor.access$200(DefaultLifecycleProcessor.java:54)
	at org.springframework.context.support.DefaultLifecycleProcessor$LifecycleGroup.start(DefaultLifecycleProcessor.java:356)
	at java.lang.Iterable.forEach(Iterable.java:75)
	at org.springframework.context.support.DefaultLifecycleProcessor.startBeans(DefaultLifecycleProcessor.java:155)
	at org.springframework.context.support.DefaultLifecycleProcessor.onRefresh(DefaultLifecycleProcessor.java:123)
	at org.springframework.context.support.AbstractApplicationContext.finishRefresh(AbstractApplicationContext.java:935)
	at org.springframework.context.support.AbstractApplicationContext.refresh(AbstractApplicationContext.java:586)
	at org.springframework.boot.web.servlet.context.ServletWebServerApplicationContext.refresh(ServletWebServerApplicationContext.java:145)
	at org.springframework.boot.SpringApplication.refresh(SpringApplication.java:732)
	at org.springframework.boot.SpringApplication.refreshContext(SpringApplication.java:414)
	at org.springframework.boot.SpringApplication.run(SpringApplication.java:302)
	at org.springframework.boot.SpringApplication.run(SpringApplication.java:1303)
	at org.springframework.boot.SpringApplication.run(SpringApplication.java:1292)
	at com.zj.auction.payment.PaymentApplication.main(PaymentApplication.java:12)
Caused by: java.lang.NullPointerException: null
	at springfox.documentation.spi.service.contexts.Orderings$8.compare(Orderings.java:112)
	at springfox.documentation.spi.service.contexts.Orderings$8.compare(Orderings.java:109)
	at com.google.common.collect.ComparatorOrdering.compare(ComparatorOrdering.java:37)
	at java.util.TimSort.countRunAndMakeAscending(TimSort.java:355)
	at java.util.TimSort.sort(TimSort.java:220)
	at java.util.Arrays.sort(Arrays.java:1438)
	at com.google.common.collect.Ordering.sortedCopy(Ordering.java:855)
	at springfox.documentation.spring.web.plugins.WebMvcRequestHandlerProvider.requestHandlers(WebMvcRequestHandlerProvider.java:57)
	at springfox.documentation.spring.web.plugins.DocumentationPluginsBootstrapper$2.apply(DocumentationPluginsBootstrapper.java:138)
	at springfox.documentation.spring.web.plugins.DocumentationPluginsBootstrapper$2.apply(DocumentationPluginsBootstrapper.java:135)
	at com.google.common.collect.Iterators$7.transform(Iterators.java:750)
	at com.google.common.collect.TransformedIterator.next(TransformedIterator.java:47)
	at com.google.common.collect.TransformedIterator.next(TransformedIterator.java:47)
	at com.google.common.collect.MultitransformedIterator.hasNext(MultitransformedIterator.java:52)
	at com.google.common.collect.MultitransformedIterator.hasNext(MultitransformedIterator.java:50)
	at com.google.common.collect.ImmutableList.copyOf(ImmutableList.java:249)
	at com.google.common.collect.ImmutableList.copyOf(ImmutableList.java:209)
	at com.google.common.collect.FluentIterable.toList(FluentIterable.java:614)
	at springfox.documentation.spring.web.plugins.DocumentationPluginsBootstrapper.defaultContextBuilder(DocumentationPluginsBootstrapper.java:111)
	at springfox.documentation.spring.web.plugins.DocumentationPluginsBootstrapper.buildContext(DocumentationPluginsBootstrapper.java:96)
	at springfox.documentation.spring.web.plugins.DocumentationPluginsBootstrapper.start(DocumentationPluginsBootstrapper.java:167)
	at org.springframework.context.support.DefaultLifecycleProcessor.doStart(DefaultLifecycleProcessor.java:178)
	... 14 common frames omitted

2022-06-07 11:38:11.974  WARN 31093 --- [main] o.s.boot.StartupInfoLogger               - [] : InetAddress.getLocalHost().getHostName() took 5006 milliseconds to respond. Please verify your network configuration (macOS machines may need to add entries to /etc/hosts).
2022-06-07 11:38:16.982  INFO 31093 --- [main] c.zj.auction.payment.PaymentApplication  - [] : Starting PaymentApplication using Java 1.8.0_171 on lance.local with PID 31093 (/Users/zhangzhaohuan/blockchain/idea/auction/payment/target/classes started by zhangzhaohuan in /Users/zhangzhaohuan/blockchain/idea/auction)
2022-06-07 11:38:16.983  INFO 31093 --- [main] c.zj.auction.payment.PaymentApplication  - [] : No active profile set, falling back to default profiles: default
2022-06-07 11:38:18.656  WARN 31093 --- [main] o.m.s.mapper.ClassPathMapperScanner      - [] : No MyBatis mapper was found in '[com.zj.auction.payment]' package. Please check your configuration.
2022-06-07 11:38:19.847  INFO 31093 --- [main] o.s.b.w.embedded.tomcat.TomcatWebServer  - [] : Tomcat initialized with port(s): 8090 (http)
2022-06-07 11:38:19.862  INFO 31093 --- [main] o.a.coyote.http11.Http11NioProtocol      - [] : Initializing ProtocolHandler ["http-nio-8090"]
2022-06-07 11:38:19.863  INFO 31093 --- [main] o.apache.catalina.core.StandardService   - [] : Starting service [Tomcat]
2022-06-07 11:38:19.863  INFO 31093 --- [main] org.apache.catalina.core.StandardEngine  - [] : Starting Servlet engine: [Apache Tomcat/9.0.56]
2022-06-07 11:38:20.059  INFO 31093 --- [main] o.a.c.c.C.[Tomcat].[localhost].[/]       - [] : Initializing Spring embedded WebApplicationContext
2022-06-07 11:38:20.060  INFO 31093 --- [main] w.s.c.ServletWebServerApplicationContext - [] : Root WebApplicationContext: initialization completed in 3013 ms
2022-06-07 11:38:20.153  INFO 31093 --- [main] c.a.d.s.b.a.DruidDataSourceAutoConfigure - [] : Init DruidDataSource
2022-06-07 11:38:20.334  INFO 31093 --- [main] com.alibaba.druid.pool.DruidDataSource   - [] : {dataSource-1} inited
2022-06-07 11:38:21.105  INFO 31093 --- [main] pertySourcedRequestMappingHandlerMapping - [] : Mapped URL path [/v2/api-docs] onto method [springfox.documentation.swagger2.web.Swagger2Controller#getDocumentation(String, HttpServletRequest)]
2022-06-07 11:38:22.088  WARN 31093 --- [main] c.b.m.core.injector.DefaultSqlInjector   - [] : class com.zj.auction.common.model.Area ,Not found @TableId annotation, Cannot use Mybatis-Plus 'xxById' Method.
2022-06-07 11:38:22.430  WARN 31093 --- [main] c.b.m.core.injector.DefaultSqlInjector   - [] : class com.zj.auction.common.model.Role ,Not found @TableId annotation, Cannot use Mybatis-Plus 'xxById' Method.
2022-06-07 11:38:22.533  WARN 31093 --- [main] c.b.m.core.injector.DefaultSqlInjector   - [] : class com.zj.auction.common.model.UserConfig ,Not found @TableId annotation, Cannot use Mybatis-Plus 'xxById' Method.
2022-06-07 11:38:22.640  WARN 31093 --- [main] c.b.m.core.injector.DefaultSqlInjector   - [] : class com.zj.auction.common.model.User ,Not found @TableId annotation, Cannot use Mybatis-Plus 'xxById' Method.
2022-06-07 11:38:22.698  WARN 31093 --- [main] c.b.m.core.injector.DefaultSqlInjector   - [] : class com.zj.auction.common.model.UserRole ,Not found @TableId annotation, Cannot use Mybatis-Plus 'xxById' Method.
2022-06-07 11:38:42.849  INFO 31093 --- [main] o.a.coyote.http11.Http11NioProtocol      - [] : Starting ProtocolHandler ["http-nio-8090"]
2022-06-07 11:38:42.910  INFO 31093 --- [main] o.s.b.w.embedded.tomcat.TomcatWebServer  - [] : Tomcat started on port(s): 8090 (http) with context path ''
2022-06-07 11:38:42.912  INFO 31093 --- [main] d.s.w.p.DocumentationPluginsBootstrapper - [] : Context refreshed
2022-06-07 11:38:42.949  INFO 31093 --- [main] d.s.w.p.DocumentationPluginsBootstrapper - [] : Found 1 custom documentation plugin(s)
2022-06-07 11:38:42.965  WARN 31093 --- [main] ConfigServletWebServerApplicationContext - [] : Exception encountered during context initialization - cancelling refresh attempt: org.springframework.context.ApplicationContextException: Failed to start bean 'documentationPluginsBootstrapper'; nested exception is java.lang.NullPointerException
2022-06-07 11:38:42.969  INFO 31093 --- [main] com.alibaba.druid.pool.DruidDataSource   - [] : {dataSource-1} closing ...
2022-06-07 11:38:42.970  INFO 31093 --- [main] com.alibaba.druid.pool.DruidDataSource   - [] : {dataSource-1} closed
2022-06-07 11:38:42.985  INFO 31093 --- [main] o.a.coyote.http11.Http11NioProtocol      - [] : Pausing ProtocolHandler ["http-nio-8090"]
2022-06-07 11:38:42.985  INFO 31093 --- [main] o.apache.catalina.core.StandardService   - [] : Stopping service [Tomcat]
2022-06-07 11:38:42.995  INFO 31093 --- [main] o.a.coyote.http11.Http11NioProtocol      - [] : Stopping ProtocolHandler ["http-nio-8090"]
2022-06-07 11:38:43.033  INFO 31093 --- [main] o.a.coyote.http11.Http11NioProtocol      - [] : Destroying ProtocolHandler ["http-nio-8090"]
2022-06-07 11:38:43.062  INFO 31093 --- [main] ConditionEvaluationReportLoggingListener - [] : 

Error starting ApplicationContext. To display the conditions report re-run your application with 'debug' enabled.
2022-06-07 11:38:43.154 ERROR 31093 --- [main] o.s.boot.SpringApplication               - [] : Application run failed

org.springframework.context.ApplicationContextException: Failed to start bean 'documentationPluginsBootstrapper'; nested exception is java.lang.NullPointerException
	at org.springframework.context.support.DefaultLifecycleProcessor.doStart(DefaultLifecycleProcessor.java:181)
	at org.springframework.context.support.DefaultLifecycleProcessor.access$200(DefaultLifecycleProcessor.java:54)
	at org.springframework.context.support.DefaultLifecycleProcessor$LifecycleGroup.start(DefaultLifecycleProcessor.java:356)
	at java.lang.Iterable.forEach(Iterable.java:75)
	at org.springframework.context.support.DefaultLifecycleProcessor.startBeans(DefaultLifecycleProcessor.java:155)
	at org.springframework.context.support.DefaultLifecycleProcessor.onRefresh(DefaultLifecycleProcessor.java:123)
	at org.springframework.context.support.AbstractApplicationContext.finishRefresh(AbstractApplicationContext.java:935)
	at org.springframework.context.support.AbstractApplicationContext.refresh(AbstractApplicationContext.java:586)
	at org.springframework.boot.web.servlet.context.ServletWebServerApplicationContext.refresh(ServletWebServerApplicationContext.java:145)
	at org.springframework.boot.SpringApplication.refresh(SpringApplication.java:732)
	at org.springframework.boot.SpringApplication.refreshContext(SpringApplication.java:414)
	at org.springframework.boot.SpringApplication.run(SpringApplication.java:302)
	at org.springframework.boot.SpringApplication.run(SpringApplication.java:1303)
	at org.springframework.boot.SpringApplication.run(SpringApplication.java:1292)
	at com.zj.auction.payment.PaymentApplication.main(PaymentApplication.java:12)
Caused by: java.lang.NullPointerException: null
	at springfox.documentation.spi.service.contexts.Orderings$8.compare(Orderings.java:112)
	at springfox.documentation.spi.service.contexts.Orderings$8.compare(Orderings.java:109)
	at com.google.common.collect.ComparatorOrdering.compare(ComparatorOrdering.java:37)
	at java.util.TimSort.countRunAndMakeAscending(TimSort.java:355)
	at java.util.TimSort.sort(TimSort.java:220)
	at java.util.Arrays.sort(Arrays.java:1438)
	at com.google.common.collect.Ordering.sortedCopy(Ordering.java:855)
	at springfox.documentation.spring.web.plugins.WebMvcRequestHandlerProvider.requestHandlers(WebMvcRequestHandlerProvider.java:57)
	at springfox.documentation.spring.web.plugins.DocumentationPluginsBootstrapper$2.apply(DocumentationPluginsBootstrapper.java:138)
	at springfox.documentation.spring.web.plugins.DocumentationPluginsBootstrapper$2.apply(DocumentationPluginsBootstrapper.java:135)
	at com.google.common.collect.Iterators$7.transform(Iterators.java:750)
	at com.google.common.collect.TransformedIterator.next(TransformedIterator.java:47)
	at com.google.common.collect.TransformedIterator.next(TransformedIterator.java:47)
	at com.google.common.collect.MultitransformedIterator.hasNext(MultitransformedIterator.java:52)
	at com.google.common.collect.MultitransformedIterator.hasNext(MultitransformedIterator.java:50)
	at com.google.common.collect.ImmutableList.copyOf(ImmutableList.java:249)
	at com.google.common.collect.ImmutableList.copyOf(ImmutableList.java:209)
	at com.google.common.collect.FluentIterable.toList(FluentIterable.java:614)
	at springfox.documentation.spring.web.plugins.DocumentationPluginsBootstrapper.defaultContextBuilder(DocumentationPluginsBootstrapper.java:111)
	at springfox.documentation.spring.web.plugins.DocumentationPluginsBootstrapper.buildContext(DocumentationPluginsBootstrapper.java:96)
	at springfox.documentation.spring.web.plugins.DocumentationPluginsBootstrapper.start(DocumentationPluginsBootstrapper.java:167)
	at org.springframework.context.support.DefaultLifecycleProcessor.doStart(DefaultLifecycleProcessor.java:178)
	... 14 common frames omitted

2022-06-07 11:41:42.193  WARN 31128 --- [main] o.s.boot.StartupInfoLogger               - [] : InetAddress.getLocalHost().getHostName() took 5003 milliseconds to respond. Please verify your network configuration (macOS machines may need to add entries to /etc/hosts).
2022-06-07 11:41:47.201  INFO 31128 --- [main] c.zj.auction.payment.PaymentApplication  - [] : Starting PaymentApplication using Java 1.8.0_171 on lance.local with PID 31128 (/Users/zhangzhaohuan/blockchain/idea/auction/payment/target/classes started by zhangzhaohuan in /Users/zhangzhaohuan/blockchain/idea/auction)
2022-06-07 11:41:47.202  INFO 31128 --- [main] c.zj.auction.payment.PaymentApplication  - [] : No active profile set, falling back to default profiles: default
2022-06-07 11:41:48.580  WARN 31128 --- [main] o.m.s.mapper.ClassPathMapperScanner      - [] : No MyBatis mapper was found in '[com.zj.auction.payment]' package. Please check your configuration.
2022-06-07 11:41:49.287  INFO 31128 --- [main] o.s.b.w.embedded.tomcat.TomcatWebServer  - [] : Tomcat initialized with port(s): 8090 (http)
2022-06-07 11:41:49.311  INFO 31128 --- [main] o.a.coyote.http11.Http11NioProtocol      - [] : Initializing ProtocolHandler ["http-nio-8090"]
2022-06-07 11:41:49.312  INFO 31128 --- [main] o.apache.catalina.core.StandardService   - [] : Starting service [Tomcat]
2022-06-07 11:41:49.313  INFO 31128 --- [main] org.apache.catalina.core.StandardEngine  - [] : Starting Servlet engine: [Apache Tomcat/9.0.56]
2022-06-07 11:41:49.462  INFO 31128 --- [main] o.a.c.c.C.[Tomcat].[localhost].[/]       - [] : Initializing Spring embedded WebApplicationContext
2022-06-07 11:41:49.463  INFO 31128 --- [main] w.s.c.ServletWebServerApplicationContext - [] : Root WebApplicationContext: initialization completed in 2214 ms
2022-06-07 11:41:49.542  INFO 31128 --- [main] c.a.d.s.b.a.DruidDataSourceAutoConfigure - [] : Init DruidDataSource
2022-06-07 11:41:49.670  INFO 31128 --- [main] com.alibaba.druid.pool.DruidDataSource   - [] : {dataSource-1} inited
2022-06-07 11:41:50.183  INFO 31128 --- [main] pertySourcedRequestMappingHandlerMapping - [] : Mapped URL path [/v2/api-docs] onto method [springfox.documentation.swagger2.web.Swagger2Controller#getDocumentation(String, HttpServletRequest)]
2022-06-07 11:41:50.700  WARN 31128 --- [main] c.b.m.core.injector.DefaultSqlInjector   - [] : class com.zj.auction.common.model.Area ,Not found @TableId annotation, Cannot use Mybatis-Plus 'xxById' Method.
2022-06-07 11:41:50.863  WARN 31128 --- [main] c.b.m.core.injector.DefaultSqlInjector   - [] : class com.zj.auction.common.model.Role ,Not found @TableId annotation, Cannot use Mybatis-Plus 'xxById' Method.
2022-06-07 11:41:50.913  WARN 31128 --- [main] c.b.m.core.injector.DefaultSqlInjector   - [] : class com.zj.auction.common.model.UserConfig ,Not found @TableId annotation, Cannot use Mybatis-Plus 'xxById' Method.
2022-06-07 11:41:50.992  WARN 31128 --- [main] c.b.m.core.injector.DefaultSqlInjector   - [] : class com.zj.auction.common.model.User ,Not found @TableId annotation, Cannot use Mybatis-Plus 'xxById' Method.
2022-06-07 11:41:51.042  WARN 31128 --- [main] c.b.m.core.injector.DefaultSqlInjector   - [] : class com.zj.auction.common.model.UserRole ,Not found @TableId annotation, Cannot use Mybatis-Plus 'xxById' Method.
2022-06-07 11:42:11.176  INFO 31128 --- [main] o.a.coyote.http11.Http11NioProtocol      - [] : Starting ProtocolHandler ["http-nio-8090"]
2022-06-07 11:42:11.204  INFO 31128 --- [main] o.s.b.w.embedded.tomcat.TomcatWebServer  - [] : Tomcat started on port(s): 8090 (http) with context path ''
2022-06-07 11:42:11.207  INFO 31128 --- [main] d.s.w.p.DocumentationPluginsBootstrapper - [] : Context refreshed
2022-06-07 11:42:11.230  INFO 31128 --- [main] d.s.w.p.DocumentationPluginsBootstrapper - [] : Found 1 custom documentation plugin(s)
2022-06-07 11:42:11.242  WARN 31128 --- [main] ConfigServletWebServerApplicationContext - [] : Exception encountered during context initialization - cancelling refresh attempt: org.springframework.context.ApplicationContextException: Failed to start bean 'documentationPluginsBootstrapper'; nested exception is java.lang.NullPointerException
2022-06-07 11:42:11.244  INFO 31128 --- [main] com.alibaba.druid.pool.DruidDataSource   - [] : {dataSource-1} closing ...
2022-06-07 11:42:11.245  INFO 31128 --- [main] com.alibaba.druid.pool.DruidDataSource   - [] : {dataSource-1} closed
2022-06-07 11:42:11.253  INFO 31128 --- [main] o.a.coyote.http11.Http11NioProtocol      - [] : Pausing ProtocolHandler ["http-nio-8090"]
2022-06-07 11:42:11.253  INFO 31128 --- [main] o.apache.catalina.core.StandardService   - [] : Stopping service [Tomcat]
2022-06-07 11:42:11.258  INFO 31128 --- [main] o.a.coyote.http11.Http11NioProtocol      - [] : Stopping ProtocolHandler ["http-nio-8090"]
2022-06-07 11:42:11.262  INFO 31128 --- [main] o.a.coyote.http11.Http11NioProtocol      - [] : Destroying ProtocolHandler ["http-nio-8090"]
2022-06-07 11:42:11.275  INFO 31128 --- [main] ConditionEvaluationReportLoggingListener - [] : 

Error starting ApplicationContext. To display the conditions report re-run your application with 'debug' enabled.
2022-06-07 11:42:11.342 ERROR 31128 --- [main] o.s.boot.SpringApplication               - [] : Application run failed

org.springframework.context.ApplicationContextException: Failed to start bean 'documentationPluginsBootstrapper'; nested exception is java.lang.NullPointerException
	at org.springframework.context.support.DefaultLifecycleProcessor.doStart(DefaultLifecycleProcessor.java:181)
	at org.springframework.context.support.DefaultLifecycleProcessor.access$200(DefaultLifecycleProcessor.java:54)
	at org.springframework.context.support.DefaultLifecycleProcessor$LifecycleGroup.start(DefaultLifecycleProcessor.java:356)
	at java.lang.Iterable.forEach(Iterable.java:75)
	at org.springframework.context.support.DefaultLifecycleProcessor.startBeans(DefaultLifecycleProcessor.java:155)
	at org.springframework.context.support.DefaultLifecycleProcessor.onRefresh(DefaultLifecycleProcessor.java:123)
	at org.springframework.context.support.AbstractApplicationContext.finishRefresh(AbstractApplicationContext.java:935)
	at org.springframework.context.support.AbstractApplicationContext.refresh(AbstractApplicationContext.java:586)
	at org.springframework.boot.web.servlet.context.ServletWebServerApplicationContext.refresh(ServletWebServerApplicationContext.java:145)
	at org.springframework.boot.SpringApplication.refresh(SpringApplication.java:732)
	at org.springframework.boot.SpringApplication.refreshContext(SpringApplication.java:414)
	at org.springframework.boot.SpringApplication.run(SpringApplication.java:302)
	at org.springframework.boot.SpringApplication.run(SpringApplication.java:1303)
	at org.springframework.boot.SpringApplication.run(SpringApplication.java:1292)
	at com.zj.auction.payment.PaymentApplication.main(PaymentApplication.java:12)
Caused by: java.lang.NullPointerException: null
	at springfox.documentation.spi.service.contexts.Orderings$8.compare(Orderings.java:112)
	at springfox.documentation.spi.service.contexts.Orderings$8.compare(Orderings.java:109)
	at com.google.common.collect.ComparatorOrdering.compare(ComparatorOrdering.java:37)
	at java.util.TimSort.countRunAndMakeAscending(TimSort.java:355)
	at java.util.TimSort.sort(TimSort.java:220)
	at java.util.Arrays.sort(Arrays.java:1438)
	at com.google.common.collect.Ordering.sortedCopy(Ordering.java:855)
	at springfox.documentation.spring.web.plugins.WebMvcRequestHandlerProvider.requestHandlers(WebMvcRequestHandlerProvider.java:57)
	at springfox.documentation.spring.web.plugins.DocumentationPluginsBootstrapper$2.apply(DocumentationPluginsBootstrapper.java:138)
	at springfox.documentation.spring.web.plugins.DocumentationPluginsBootstrapper$2.apply(DocumentationPluginsBootstrapper.java:135)
	at com.google.common.collect.Iterators$7.transform(Iterators.java:750)
	at com.google.common.collect.TransformedIterator.next(TransformedIterator.java:47)
	at com.google.common.collect.TransformedIterator.next(TransformedIterator.java:47)
	at com.google.common.collect.MultitransformedIterator.hasNext(MultitransformedIterator.java:52)
	at com.google.common.collect.MultitransformedIterator.hasNext(MultitransformedIterator.java:50)
	at com.google.common.collect.ImmutableList.copyOf(ImmutableList.java:249)
	at com.google.common.collect.ImmutableList.copyOf(ImmutableList.java:209)
	at com.google.common.collect.FluentIterable.toList(FluentIterable.java:614)
	at springfox.documentation.spring.web.plugins.DocumentationPluginsBootstrapper.defaultContextBuilder(DocumentationPluginsBootstrapper.java:111)
	at springfox.documentation.spring.web.plugins.DocumentationPluginsBootstrapper.buildContext(DocumentationPluginsBootstrapper.java:96)
	at springfox.documentation.spring.web.plugins.DocumentationPluginsBootstrapper.start(DocumentationPluginsBootstrapper.java:167)
	at org.springframework.context.support.DefaultLifecycleProcessor.doStart(DefaultLifecycleProcessor.java:178)
	... 14 common frames omitted

2022-06-07 11:46:33.825  WARN 31206 --- [main] o.s.boot.StartupInfoLogger               - [] : InetAddress.getLocalHost().getHostName() took 5003 milliseconds to respond. Please verify your network configuration (macOS machines may need to add entries to /etc/hosts).
2022-06-07 11:46:38.837  INFO 31206 --- [main] c.zj.auction.payment.PaymentApplication  - [] : Starting PaymentApplication using Java 1.8.0_171 on lance.local with PID 31206 (/Users/zhangzhaohuan/blockchain/idea/auction/payment/target/classes started by zhangzhaohuan in /Users/zhangzhaohuan/blockchain/idea/auction)
2022-06-07 11:46:38.838  INFO 31206 --- [main] c.zj.auction.payment.PaymentApplication  - [] : No active profile set, falling back to default profiles: default
2022-06-07 11:46:39.948  WARN 31206 --- [main] o.m.s.mapper.ClassPathMapperScanner      - [] : No MyBatis mapper was found in '[com.zj.auction.payment]' package. Please check your configuration.
2022-06-07 11:46:40.616  INFO 31206 --- [main] o.s.b.w.embedded.tomcat.TomcatWebServer  - [] : Tomcat initialized with port(s): 8090 (http)
2022-06-07 11:46:40.634  INFO 31206 --- [main] o.a.coyote.http11.Http11NioProtocol      - [] : Initializing ProtocolHandler ["http-nio-8090"]
2022-06-07 11:46:40.634  INFO 31206 --- [main] o.apache.catalina.core.StandardService   - [] : Starting service [Tomcat]
2022-06-07 11:46:40.635  INFO 31206 --- [main] org.apache.catalina.core.StandardEngine  - [] : Starting Servlet engine: [Apache Tomcat/9.0.56]
2022-06-07 11:46:40.812  INFO 31206 --- [main] o.a.c.c.C.[Tomcat].[localhost].[/]       - [] : Initializing Spring embedded WebApplicationContext
2022-06-07 11:46:40.813  INFO 31206 --- [main] w.s.c.ServletWebServerApplicationContext - [] : Root WebApplicationContext: initialization completed in 1918 ms
2022-06-07 11:46:40.940  INFO 31206 --- [main] c.a.d.s.b.a.DruidDataSourceAutoConfigure - [] : Init DruidDataSource
2022-06-07 11:46:41.088  INFO 31206 --- [main] com.alibaba.druid.pool.DruidDataSource   - [] : {dataSource-1} inited
2022-06-07 11:46:41.601  INFO 31206 --- [main] pertySourcedRequestMappingHandlerMapping - [] : Mapped URL path [/v2/api-docs] onto method [springfox.documentation.swagger2.web.Swagger2Controller#getDocumentation(String, HttpServletRequest)]
2022-06-07 11:46:42.184  WARN 31206 --- [main] c.b.m.core.injector.DefaultSqlInjector   - [] : class com.zj.auction.common.model.Area ,Not found @TableId annotation, Cannot use Mybatis-Plus 'xxById' Method.
2022-06-07 11:46:42.345  WARN 31206 --- [main] c.b.m.core.injector.DefaultSqlInjector   - [] : class com.zj.auction.common.model.Role ,Not found @TableId annotation, Cannot use Mybatis-Plus 'xxById' Method.
2022-06-07 11:46:42.415  WARN 31206 --- [main] c.b.m.core.injector.DefaultSqlInjector   - [] : class com.zj.auction.common.model.UserConfig ,Not found @TableId annotation, Cannot use Mybatis-Plus 'xxById' Method.
2022-06-07 11:46:42.481  WARN 31206 --- [main] c.b.m.core.injector.DefaultSqlInjector   - [] : class com.zj.auction.common.model.User ,Not found @TableId annotation, Cannot use Mybatis-Plus 'xxById' Method.
2022-06-07 11:46:42.535  WARN 31206 --- [main] c.b.m.core.injector.DefaultSqlInjector   - [] : class com.zj.auction.common.model.UserRole ,Not found @TableId annotation, Cannot use Mybatis-Plus 'xxById' Method.
2022-06-07 11:47:02.689  INFO 31206 --- [main] o.a.coyote.http11.Http11NioProtocol      - [] : Starting ProtocolHandler ["http-nio-8090"]
2022-06-07 11:47:02.715  INFO 31206 --- [main] o.s.b.w.embedded.tomcat.TomcatWebServer  - [] : Tomcat started on port(s): 8090 (http) with context path ''
2022-06-07 11:47:02.717  INFO 31206 --- [main] d.s.w.p.DocumentationPluginsBootstrapper - [] : Context refreshed
2022-06-07 11:47:02.733  INFO 31206 --- [main] d.s.w.p.DocumentationPluginsBootstrapper - [] : Found 1 custom documentation plugin(s)
2022-06-07 11:47:02.778  INFO 31206 --- [main] s.d.s.w.s.ApiListingReferenceScanner     - [] : Scanning for api listing references
2022-06-07 11:47:03.002  INFO 31206 --- [main] c.zj.auction.payment.PaymentApplication  - [] : Started PaymentApplication in 44.889 seconds (JVM running for 50.922)
2022-06-07 11:47:04.010  INFO 31206 --- [pool-2-thread-1] c.zj.auction.payment.boot.WisdomRunner   - [] : 初始化系统参数成功
2022-06-07 11:47:26.379  INFO 31206 --- [http-nio-8090-exec-1] o.a.c.c.C.[Tomcat].[localhost].[/]       - [] : Initializing Spring DispatcherServlet 'dispatcherServlet'
2022-06-07 11:47:26.380  INFO 31206 --- [http-nio-8090-exec-1] o.s.web.servlet.DispatcherServlet        - [] : Initializing Servlet 'dispatcherServlet'
2022-06-07 11:47:26.382  INFO 31206 --- [http-nio-8090-exec-1] o.s.web.servlet.DispatcherServlet        - [] : Completed initialization in 1 ms
2022-06-07 13:22:34.464  INFO 31206 --- [SpringApplicationShutdownHook] com.alibaba.druid.pool.DruidDataSource   - [] : {dataSource-1} closing ...
2022-06-07 13:22:34.482  INFO 31206 --- [SpringApplicationShutdownHook] com.alibaba.druid.pool.DruidDataSource   - [] : {dataSource-1} closed
2022-06-07 13:24:06.689  WARN 32357 --- [main] o.s.boot.StartupInfoLogger               - [] : InetAddress.getLocalHost().getHostName() took 5008 milliseconds to respond. Please verify your network configuration (macOS machines may need to add entries to /etc/hosts).
2022-06-07 13:24:11.701  INFO 32357 --- [main] c.zj.auction.payment.PaymentApplication  - [] : Starting PaymentApplication using Java 1.8.0_171 on lance.local with PID 32357 (/Users/zhangzhaohuan/blockchain/idea/auction/payment/target/classes started by zhangzhaohuan in /Users/zhangzhaohuan/blockchain/idea/auction)
2022-06-07 13:24:11.702  INFO 32357 --- [main] c.zj.auction.payment.PaymentApplication  - [] : No active profile set, falling back to default profiles: default
2022-06-07 13:24:13.029  WARN 32357 --- [main] o.m.s.mapper.ClassPathMapperScanner      - [] : No MyBatis mapper was found in '[com.zj.auction.payment]' package. Please check your configuration.
2022-06-07 13:24:13.742  INFO 32357 --- [main] o.s.b.w.embedded.tomcat.TomcatWebServer  - [] : Tomcat initialized with port(s): 8090 (http)
2022-06-07 13:24:13.759  INFO 32357 --- [main] o.a.coyote.http11.Http11NioProtocol      - [] : Initializing ProtocolHandler ["http-nio-8090"]
2022-06-07 13:24:13.759  INFO 32357 --- [main] o.apache.catalina.core.StandardService   - [] : Starting service [Tomcat]
2022-06-07 13:24:13.759  INFO 32357 --- [main] org.apache.catalina.core.StandardEngine  - [] : Starting Servlet engine: [Apache Tomcat/9.0.56]
2022-06-07 13:24:13.918  INFO 32357 --- [main] o.a.c.c.C.[Tomcat].[localhost].[/]       - [] : Initializing Spring embedded WebApplicationContext
2022-06-07 13:24:13.918  INFO 32357 --- [main] w.s.c.ServletWebServerApplicationContext - [] : Root WebApplicationContext: initialization completed in 2151 ms
2022-06-07 13:24:14.012  INFO 32357 --- [main] c.a.d.s.b.a.DruidDataSourceAutoConfigure - [] : Init DruidDataSource
2022-06-07 13:24:14.183  INFO 32357 --- [main] com.alibaba.druid.pool.DruidDataSource   - [] : {dataSource-1} inited
2022-06-07 13:24:14.762  INFO 32357 --- [main] pertySourcedRequestMappingHandlerMapping - [] : Mapped URL path [/v2/api-docs] onto method [springfox.documentation.swagger2.web.Swagger2Controller#getDocumentation(String, HttpServletRequest)]
2022-06-07 13:24:15.414  WARN 32357 --- [main] c.b.m.core.injector.DefaultSqlInjector   - [] : class com.zj.auction.common.model.Area ,Not found @TableId annotation, Cannot use Mybatis-Plus 'xxById' Method.
2022-06-07 13:24:15.575  WARN 32357 --- [main] c.b.m.core.injector.DefaultSqlInjector   - [] : class com.zj.auction.common.model.Role ,Not found @TableId annotation, Cannot use Mybatis-Plus 'xxById' Method.
2022-06-07 13:24:15.623  WARN 32357 --- [main] c.b.m.core.injector.DefaultSqlInjector   - [] : class com.zj.auction.common.model.UserConfig ,Not found @TableId annotation, Cannot use Mybatis-Plus 'xxById' Method.
2022-06-07 13:24:15.668  WARN 32357 --- [main] c.b.m.core.injector.DefaultSqlInjector   - [] : class com.zj.auction.common.model.User ,Not found @TableId annotation, Cannot use Mybatis-Plus 'xxById' Method.
2022-06-07 13:24:15.708  WARN 32357 --- [main] c.b.m.core.injector.DefaultSqlInjector   - [] : class com.zj.auction.common.model.UserRole ,Not found @TableId annotation, Cannot use Mybatis-Plus 'xxById' Method.
2022-06-07 13:24:35.856  INFO 32357 --- [main] o.a.coyote.http11.Http11NioProtocol      - [] : Starting ProtocolHandler ["http-nio-8090"]
2022-06-07 13:24:35.879  INFO 32357 --- [main] o.s.b.w.embedded.tomcat.TomcatWebServer  - [] : Tomcat started on port(s): 8090 (http) with context path ''
2022-06-07 13:24:35.880  INFO 32357 --- [main] d.s.w.p.DocumentationPluginsBootstrapper - [] : Context refreshed
2022-06-07 13:24:35.916  INFO 32357 --- [main] d.s.w.p.DocumentationPluginsBootstrapper - [] : Found 1 custom documentation plugin(s)
2022-06-07 13:24:35.966  INFO 32357 --- [main] s.d.s.w.s.ApiListingReferenceScanner     - [] : Scanning for api listing references
2022-06-07 13:24:36.206  INFO 32357 --- [main] c.zj.auction.payment.PaymentApplication  - [] : Started PaymentApplication in 45.324 seconds (JVM running for 51.203)
2022-06-07 13:24:37.412  INFO 32357 --- [pool-2-thread-1] c.zj.auction.payment.boot.WisdomRunner   - [] : 初始化系统参数成功
2022-06-07 13:25:00.129  INFO 32357 --- [http-nio-8090-exec-1] o.a.c.c.C.[Tomcat].[localhost].[/]       - [] : Initializing Spring DispatcherServlet 'dispatcherServlet'
2022-06-07 13:25:00.130  INFO 32357 --- [http-nio-8090-exec-1] o.s.web.servlet.DispatcherServlet        - [] : Initializing Servlet 'dispatcherServlet'
2022-06-07 13:25:00.133  INFO 32357 --- [http-nio-8090-exec-1] o.s.web.servlet.DispatcherServlet        - [] : Completed initialization in 3 ms
2022-06-07 13:35:46.523  INFO 32357 --- [SpringApplicationShutdownHook] com.alibaba.druid.pool.DruidDataSource   - [] : {dataSource-1} closing ...
2022-06-07 13:35:46.542  INFO 32357 --- [SpringApplicationShutdownHook] com.alibaba.druid.pool.DruidDataSource   - [] : {dataSource-1} closed
